<?xml version="1.0" encoding="UTF-8"?>
<!-- Generated by org.testng.reporters.JUnitXMLReporter -->
<testsuite ignored="0" hostname="DESKTOP-ACSO78O" failures="0" tests="4" name="Default test" time="16.461" errors="0" timestamp="2026-02-27T14:42:40 IST">
  <testcase classname="tests.LoginTest" name="testLogin" time="0.803"/>
  <testcase classname="tests.LoginTest" name="testLogin" time="0.691"/>
  <testcase classname="tests.LoginTest" name="testLogin" time="0.671"/>
  <testcase classname="tests.LoginTest" name="testLogin" time="0.633"/>
</testsuite> <!-- Default test -->
