<?xml version="1.0" encoding="UTF-8"?>
<!-- Generated by org.testng.reporters.JUnitXMLReporter -->
<testsuite ignored="0" hostname="DESKTOP-ACSO78O" failures="3" tests="6" name="LoginTest" time="26.859" errors="0" timestamp="2026-02-27T14:57:23 IST">
  <testcase classname="tests.LoginTest" name="verifyLogin" time="2.529"/>
  <testcase classname="tests.LoginTest" name="verifyLogin" time="2.073"/>
  <testcase classname="tests.LoginTest" name="verifyLogin" time="2.319"/>
  <testcase classname="tests.LoginTest" name="verifyLogin" time="2.187">
    <failure type="java.lang.AssertionError" message="Intentional fail - wrong URL expected [true] but found [false]">
      <![CDATA[java.lang.AssertionError: Intentional fail - wrong URL expected [true] but found [false]
at tests.LoginTest.verifyLogin(LoginTest.java:78)
at java.base/java.util.ArrayList.forEach(ArrayList.java:1596)
... Removed 28 stack frames]]>
    </failure>
  </testcase> <!-- verifyLogin -->
  <testcase classname="tests.LoginTest" name="verifyLogin" time="2.222">
    <failure type="java.lang.AssertionError" message="Intentional fail - wrong error message expected [true] but found [false]">
      <![CDATA[java.lang.AssertionError: Intentional fail - wrong error message expected [true] but found [false]
at tests.LoginTest.verifyLogin(LoginTest.java:88)
at java.base/java.util.ArrayList.forEach(ArrayList.java:1596)
... Removed 28 stack frames]]>
    </failure>
  </testcase> <!-- verifyLogin -->
  <testcase classname="tests.LoginTest" name="verifyLogin" time="2.07">
    <failure type="java.lang.AssertionError" message="Intentional fail - wrong validation message expected [true] but found [false]">
      <![CDATA[java.lang.AssertionError: Intentional fail - wrong validation message expected [true] but found [false]
at tests.LoginTest.verifyLogin(LoginTest.java:98)
at java.base/java.util.ArrayList.forEach(ArrayList.java:1596)
... Removed 28 stack frames]]>
    </failure>
  </testcase> <!-- verifyLogin -->
</testsuite> <!-- LoginTest -->
